<?xml version="1.0" encoding="UTF-8"?>
<!-- Generated by org.testng.reporters.JUnitReportReporter -->
<testsuite hostname="DESKTOP-I0B7BOI" failures="0" tests="1" name="com.herokuapp.theinternet.keypessestest.KeyPressesTest" time="10.988" errors="0" timestamp="23 mar. 2021 08:45:07 GMT" skipped="0">
  <testcase classname="com.herokuapp.theinternet.keypessestest.KeyPressesTest" name="KeyPressTest" time="10.988"/>
</testsuite> <!-- com.herokuapp.theinternet.keypessestest.KeyPressesTest -->
