<?xml version="1.0" encoding="UTF-8"?>
<!-- Generated by org.testng.reporters.JUnitReportReporter -->
<testsuite hostname="DESKTOP-I0B7BOI" failures="0" tests="1" name="com.herokuapp.theinternet.draganddroptest.DragandDropTest" time="10.030" errors="0" timestamp="13 abr. 2021 14:11:23 GMT" skipped="0">
  <testcase classname="com.herokuapp.theinternet.draganddroptest.DragandDropTest" name="selectOptionDropdown" time="10.030"/>
</testsuite> <!-- com.herokuapp.theinternet.draganddroptest.DragandDropTest -->
