<?xml version="1.0" encoding="UTF-8"?>
<!-- Generated by org.testng.reporters.JUnitReportReporter -->
<testsuite hostname="DESKTOP-I0B7BOI" failures="0" tests="1" name="com.herokuapp.theinternet.hoverovertest.HoverOverTest" time="11.104" errors="0" timestamp="13 abr. 2021 16:05:14 GMT" skipped="0">
  <testcase classname="com.herokuapp.theinternet.hoverovertest.HoverOverTest" name="HoversTest" time="11.104"/>
</testsuite> <!-- com.herokuapp.theinternet.hoverovertest.HoverOverTest -->
