<?xml version="1.0" encoding="UTF-8"?>
<!-- Generated by org.testng.reporters.JUnitReportReporter -->
<testsuite hostname="DESKTOP-I0B7BOI" failures="0" tests="1" name="com.herokuapp.theinternet.dropdowntest.DropdownTest" time="8.358" errors="0" timestamp="23 feb. 2021 12:19:55 GMT" skipped="0">
  <testcase classname="com.herokuapp.theinternet.dropdowntest.DropdownTest" name="selectOptionDropdown" time="8.358"/>
</testsuite> <!-- com.herokuapp.theinternet.dropdowntest.DropdownTest -->
