<?xml version="1.0" encoding="UTF-8"?>
<!-- Generated by org.testng.reporters.JUnitReportReporter -->
<testsuite hostname="DESKTOP-I0B7BOI" failures="0" tests="1" name="com.herokuapp.theinternet.checkboxestest.CheckBoxesTest" time="15.722" errors="0" timestamp="22 feb. 2021 17:24:47 GMT" skipped="0">
  <testcase classname="com.herokuapp.theinternet.checkboxestest.CheckBoxesTest" name="selectingTwoCheckboxesTest" time="15.722"/>
</testsuite> <!-- com.herokuapp.theinternet.checkboxestest.CheckBoxesTest -->
