<?xml version="1.0" encoding="UTF-8"?>
<!-- Generated by org.testng.reporters.JUnitReportReporter -->
<testsuite hostname="DESKTOP-I0B7BOI" failures="0" tests="1" name="com.herokuapp.theinternet.alerttests.AlertTests" time="11.523" errors="0" timestamp="22 mar. 2021 16:45:34 GMT" skipped="0">
  <testcase classname="com.herokuapp.theinternet.alerttests.AlertTests" name="AlertTestsJS" time="11.523"/>
</testsuite> <!-- com.herokuapp.theinternet.alerttests.AlertTests -->
