<?xml version="1.0" encoding="UTF-8"?>
<!-- Generated by org.testng.reporters.JUnitReportReporter -->
<testsuite hostname="DESKTOP-I0B7BOI" failures="0" tests="2" name="com.herokuapp.theinternet.hoverovertest.HoverOverTest" time="19.860" errors="0" timestamp="20 abr. 2021 09:09:30 GMT" skipped="0">
  <testcase classname="com.herokuapp.theinternet.hoverovertest.HoverOverTest" name="HoversTest" time="8.465"/>
  <testcase classname="com.herokuapp.theinternet.hoverovertest.HoverOverTest" name="HoversTest" time="11.395"/>
</testsuite> <!-- com.herokuapp.theinternet.hoverovertest.HoverOverTest -->
