<?xml version="1.0" encoding="UTF-8"?>
<!-- Generated by org.testng.reporters.JUnitReportReporter -->
<testsuite hostname="DESKTOP-I0B7BOI" failures="0" tests="2" name="com.herokuapp.theinternet.slidertest.SliderTest" time="24.979" errors="0" timestamp="22 abr. 2021 11:05:53 GMT" skipped="0">
  <testcase classname="com.herokuapp.theinternet.slidertest.SliderTest" name="horizontalSliderTest" time="16.255"/>
  <testcase classname="com.herokuapp.theinternet.slidertest.SliderTest" name="horizontalSliderTest" time="8.724"/>
</testsuite> <!-- com.herokuapp.theinternet.slidertest.SliderTest -->
