<?xml version="1.0" encoding="UTF-8"?>
<!-- Generated by org.testng.reporters.JUnitReportReporter -->
<testsuite hostname="DESKTOP-I0B7BOI" failures="0" tests="1" name="com.herokuapp.theinternet.alertstest.AlertTests" time="11.308" errors="0" timestamp="08 mar. 2021 10:19:07 GMT" skipped="0">
  <testcase classname="com.herokuapp.theinternet.alertstest.AlertTests" name="AlertTestsJS" time="11.308"/>
</testsuite> <!-- com.herokuapp.theinternet.alertstest.AlertTests -->
