<?xml version="1.0" encoding="UTF-8"?>
<!-- Generated by org.testng.reporters.JUnitReportReporter -->
<testsuite hostname="DESKTOP-I0B7BOI" failures="0" tests="1" name="com.herokuapp.theinternet.PositiveTests" time="12.650" errors="0" timestamp="29 ene. 2021 12:45:54 GMT" skipped="0">
  <testcase classname="com.herokuapp.theinternet.PositiveTests" name="logInTest" time="12.650"/>
</testsuite> <!-- com.herokuapp.theinternet.PositiveTests -->
