<?xml version="1.0" encoding="UTF-8"?>
<!-- Generated by org.testng.reporters.JUnitReportReporter -->
<testsuite hostname="DESKTOP-I0B7BOI" failures="0" tests="1" name="com.herokuapp.theinternet.multiplewindowstest.MultipleWindowsTest" time="13.240" errors="0" timestamp="22 mar. 2021 10:11:43 GMT" skipped="0">
  <testcase classname="com.herokuapp.theinternet.multiplewindowstest.MultipleWindowsTest" name="MultipleWdwTest" time="13.240"/>
</testsuite> <!-- com.herokuapp.theinternet.multiplewindowstest.MultipleWindowsTest -->
