<?xml version="1.0" encoding="UTF-8"?>
<!-- Generated by org.testng.reporters.JUnitReportReporter -->
<testsuite hostname="DESKTOP-I0B7BOI" failures="0" tests="1" name="com.herokuapp.theinternet.fileuploadtest.FileUploadTest" time="12.880" errors="0" timestamp="08 abr. 2021 11:47:23 GMT" skipped="0">
  <testcase classname="com.herokuapp.theinternet.fileuploadtest.FileUploadTest" name="FileUploadingTest" time="12.880"/>
</testsuite> <!-- com.herokuapp.theinternet.fileuploadtest.FileUploadTest -->
